[2026-01-20 20:29:37,021: INFO: main: Welcome to custom log]
[2026-01-20 20:32:08,872: INFO: main: Welcome to custom log]
[2026-01-21 00:49:05,827: INFO: common: yaml file: config\config.yaml loaded successfully]
[2026-01-21 00:49:05,852: INFO: common: yaml file: params.yaml loaded successfully]
[2026-01-21 00:58:35,520: INFO: common: yaml file: config\config.yaml loaded successfully]
[2026-01-21 00:58:35,546: INFO: common: yaml file: params.yaml loaded successfully]
[2026-01-21 00:58:35,552: INFO: common: created directory at: artifacts]
[2026-01-21 00:58:35,555: INFO: common: created directory at: artifacts/data_ingestion]
[2026-01-21 00:58:35,558: INFO: 986331348: Downloading data from https://drive.google.com/file/d/1lmmwEVh6II154YNf3fGbEZhlp82pV6dc/view?usp=sharing into file artifacts/data_ingestion/data.zip]
[2026-01-21 01:02:59,346: INFO: 986331348: Downloaded data from https://drive.google.com/file/d/1lmmwEVh6II154YNf3fGbEZhlp82pV6dc/view?usp=sharing into file artifacts/data_ingestion/data.zip]
[2026-01-21 01:21:39,121: INFO: main: >>>>>> stage Data Ingestion stage started <<<<<<]
[2026-01-21 01:21:39,123: INFO: common: YAML file loaded successfully: config\config.yaml]
[2026-01-21 01:21:39,125: INFO: common: YAML file loaded successfully: params.yaml]
[2026-01-21 01:21:39,126: INFO: common: created directory at: artifacts]
[2026-01-21 01:21:39,126: INFO: common: created directory at: artifacts/data_ingestion]
[2026-01-21 01:21:39,127: INFO: data_ingestion: Downloading data from https://drive.google.com/file/d/1lmmwEVh6II154YNf3fGbEZhlp82pV6dc/view?usp=sharing into file artifacts/data_ingestion/data.zip]
[2026-01-21 01:25:04,710: INFO: data_ingestion: Downloaded data from https://drive.google.com/file/d/1lmmwEVh6II154YNf3fGbEZhlp82pV6dc/view?usp=sharing into file artifacts/data_ingestion/data.zip]
[2026-01-21 01:25:30,226: INFO: main: >>>>>> stage Data Ingestion stage completed <<<<<<

x==========x]
[2026-01-21 13:52:42,424: INFO: common: YAML file loaded successfully: config\config.yaml]
[2026-01-21 13:52:42,449: INFO: common: YAML file loaded successfully: params.yaml]
[2026-01-21 13:52:42,451: INFO: common: created directory at: artifacts]
[2026-01-21 13:52:42,454: INFO: common: created directory at: artifacts/prepare_base_model]
[2026-01-21 13:53:01,079: WARNING: saving_utils: Compiled the loaded model, but the compiled metrics have yet to be built. `model.compile_metrics` will be empty until you train or evaluate the model.]
[2026-01-21 14:05:02,287: INFO: main: >>>>>> stage Data Ingestion stage started <<<<<<]
[2026-01-21 14:05:02,302: INFO: common: YAML file loaded successfully: config\config.yaml]
[2026-01-21 14:05:02,306: INFO: common: YAML file loaded successfully: params.yaml]
[2026-01-21 14:05:02,307: INFO: common: created directory at: artifacts]
[2026-01-21 14:05:02,308: INFO: common: created directory at: artifacts/data_ingestion]
[2026-01-21 14:05:02,309: INFO: data_ingestion: Downloading data from https://drive.google.com/file/d/1lmmwEVh6II154YNf3fGbEZhlp82pV6dc/view?usp=sharing into file artifacts/data_ingestion/data.zip]
[2026-01-21 14:09:24,656: INFO: data_ingestion: Downloaded data from https://drive.google.com/file/d/1lmmwEVh6II154YNf3fGbEZhlp82pV6dc/view?usp=sharing into file artifacts/data_ingestion/data.zip]
[2026-01-21 14:09:49,791: INFO: main: >>>>>> stage Data Ingestion stage completed <<<<<<

x==========x]
[2026-01-21 14:09:49,791: INFO: main: *******************]
[2026-01-21 14:09:49,791: INFO: main: >>>>>> stage Prepare base model started <<<<<<]
[2026-01-21 14:09:49,793: INFO: common: YAML file loaded successfully: config\config.yaml]
[2026-01-21 14:09:49,796: INFO: common: YAML file loaded successfully: params.yaml]
[2026-01-21 14:09:49,796: INFO: common: created directory at: artifacts]
[2026-01-21 14:09:49,797: INFO: common: created directory at: artifacts/prepare_base_model]
[2026-01-21 14:09:50,659: WARNING: saving_utils: Compiled the loaded model, but the compiled metrics have yet to be built. `model.compile_metrics` will be empty until you train or evaluate the model.]
[2026-01-21 14:09:51,739: INFO: main: >>>>>> stage Prepare base model completed <<<<<<

x==========x]
[2026-01-21 17:30:56,137: INFO: common: YAML file loaded successfully: config\config.yaml]
[2026-01-21 17:30:56,162: INFO: common: YAML file loaded successfully: params.yaml]
[2026-01-21 17:30:56,168: INFO: common: created directory at: artifacts]
[2026-01-21 17:30:56,174: INFO: common: created directory at: artifacts\training]
[2026-01-21 17:33:48,970: INFO: common: YAML file loaded successfully: config\config.yaml]
[2026-01-21 17:33:48,975: INFO: common: YAML file loaded successfully: params.yaml]
[2026-01-21 17:33:48,978: INFO: common: created directory at: artifacts]
[2026-01-21 17:33:48,980: INFO: common: created directory at: artifacts\training]
[2026-01-21 17:38:22,569: INFO: common: YAML file loaded successfully: config\config.yaml]
[2026-01-21 17:38:22,573: INFO: common: YAML file loaded successfully: params.yaml]
[2026-01-21 17:38:22,575: INFO: common: created directory at: artifacts]
[2026-01-21 17:38:22,579: INFO: common: created directory at: artifacts\training]
[2026-01-21 17:46:26,629: INFO: common: YAML file loaded successfully: config\config.yaml]
[2026-01-21 17:46:26,647: INFO: common: YAML file loaded successfully: params.yaml]
[2026-01-21 17:46:26,650: INFO: common: created directory at: artifacts]
[2026-01-21 17:46:26,655: INFO: common: created directory at: artifacts\training]
[2026-01-21 21:25:53,255: INFO: common: YAML file loaded successfully: config\config.yaml]
[2026-01-21 21:25:53,268: INFO: common: YAML file loaded successfully: params.yaml]
[2026-01-21 21:25:53,273: INFO: common: created directory at: artifacts]
[2026-01-21 21:40:39,688: INFO: common: YAML file loaded successfully: config\config.yaml]
[2026-01-21 21:40:39,695: INFO: common: YAML file loaded successfully: params.yaml]
[2026-01-21 21:40:39,699: INFO: common: created directory at: artifacts]
[2026-01-21 21:41:15,814: INFO: common: YAML file loaded successfully: config\config.yaml]
[2026-01-21 21:41:15,818: INFO: common: YAML file loaded successfully: params.yaml]
[2026-01-21 21:41:15,820: INFO: common: created directory at: artifacts]
[2026-01-21 21:48:07,004: INFO: common: YAML file loaded successfully: config\config.yaml]
[2026-01-21 21:48:07,010: INFO: common: YAML file loaded successfully: params.yaml]
[2026-01-21 21:48:07,012: INFO: common: created directory at: artifacts]
[2026-01-21 21:58:00,638: INFO: common: json file saved at: scores.json]
[2026-01-21 21:58:07,503: WARNING: save: Found untraced functions such as _jit_compiled_convolution_op, _jit_compiled_convolution_op, _jit_compiled_convolution_op, _jit_compiled_convolution_op, _jit_compiled_convolution_op while saving (showing 5 of 14). These functions will not be directly callable after loading.]
[2026-01-21 21:58:09,180: INFO: builder_impl: Assets written to: C:\Users\jaysh\AppData\Local\Temp\tmp6vtq3fl1\model\data\model\assets]
[2026-01-22 01:45:24,364: INFO: main: >>>>>> stage Data Ingestion stage started <<<<<<]
[2026-01-22 01:45:24,368: INFO: common: YAML file loaded successfully: config\config.yaml]
[2026-01-22 01:45:24,373: INFO: common: YAML file loaded successfully: params.yaml]
[2026-01-22 01:45:24,374: INFO: common: created directory at: artifacts]
[2026-01-22 01:45:24,375: INFO: common: created directory at: artifacts/data_ingestion]
[2026-01-22 01:45:24,376: INFO: data_ingestion: Downloading data from https://drive.google.com/file/d/1lmmwEVh6II154YNf3fGbEZhlp82pV6dc/view?usp=sharing into file artifacts/data_ingestion/data.zip]
[2026-01-22 01:48:38,209: INFO: data_ingestion: Downloaded data from https://drive.google.com/file/d/1lmmwEVh6II154YNf3fGbEZhlp82pV6dc/view?usp=sharing into file artifacts/data_ingestion/data.zip]
[2026-01-22 01:49:09,786: INFO: main: >>>>>> stage Data Ingestion stage completed <<<<<<

x==========x]
[2026-01-22 01:49:09,787: INFO: main: *******************]
[2026-01-22 01:49:09,787: INFO: main: >>>>>> stage Prepare base model started <<<<<<]
[2026-01-22 01:49:09,790: INFO: common: YAML file loaded successfully: config\config.yaml]
[2026-01-22 01:49:09,793: INFO: common: YAML file loaded successfully: params.yaml]
[2026-01-22 01:49:09,793: INFO: common: created directory at: artifacts]
[2026-01-22 01:49:09,795: INFO: common: created directory at: artifacts/prepare_base_model]
[2026-01-22 01:49:10,888: WARNING: saving_utils: Compiled the loaded model, but the compiled metrics have yet to be built. `model.compile_metrics` will be empty until you train or evaluate the model.]
[2026-01-22 01:49:12,163: INFO: main: >>>>>> stage Prepare base model completed <<<<<<

x==========x]
[2026-01-22 01:49:12,164: INFO: main: *******************]
[2026-01-22 01:49:12,164: INFO: main: >>>>>> stage Training started <<<<<<]
[2026-01-22 01:49:12,171: INFO: common: YAML file loaded successfully: config\config.yaml]
[2026-01-22 01:49:12,174: INFO: common: YAML file loaded successfully: params.yaml]
[2026-01-22 01:49:12,175: INFO: common: created directory at: artifacts]
[2026-01-22 01:49:12,176: INFO: common: created directory at: artifacts\training]
[2026-01-22 02:17:18,635: INFO: main: >>>>>> stage Training completed <<<<<<

x==========x]
[2026-01-22 02:17:18,637: INFO: main: *******************]
[2026-01-22 02:17:18,638: INFO: main: >>>>>> stage Evaluation stage started <<<<<<]
[2026-01-22 02:17:18,644: INFO: common: YAML file loaded successfully: config\config.yaml]
[2026-01-22 02:17:18,647: INFO: common: YAML file loaded successfully: params.yaml]
[2026-01-22 02:17:18,651: INFO: common: created directory at: artifacts]
[2026-01-22 02:25:29,022: INFO: common: json file saved at: scores.json]
[2026-01-22 02:25:29,028: INFO: common: json file saved at: scores.json]
[2026-01-22 02:25:29,029: INFO: main: >>>>>> stage Evaluation stage completed <<<<<<

x==========x]
